Library/Bee/Android/Prj/IL2CPP/Gradle/unityLibrary/GooglePlayGamesManifest.androidlib/build/intermediates/manifest_merge_blame_file/release/manifest-merger-blame-release-report.txt
1<?xml version="1.0" encoding="utf-8"?>
2<!--
3 This file was automatically generated by the Google Play Games plugin for Unity
4     Do not edit.
5-->
6<manifest xmlns:android="http://schemas.android.com/apk/res/android"
7    package="com.google.example.games.mainlibproj"
8    android:versionCode="1"
9    android:versionName="1.0" >
10
11    <uses-sdk
12        android:minSdkVersion="1"
12-->unityLibrary\GooglePlayGamesManifest.androidlib\AndroidManifest.xml
13        android:targetSdkVersion="16" />
13-->unityLibrary\GooglePlayGamesManifest.androidlib\AndroidManifest.xml
14
15    <application>
15-->unityLibrary\GooglePlayGamesManifest.androidlib\AndroidManifest.xml:11:5-25:19
16
17        <!-- The space in these forces it to be interpreted as a string vs. int -->
18        <meta-data
18-->unityLibrary\GooglePlayGamesManifest.androidlib\AndroidManifest.xml:16:9-17:49
19            android:name="com.google.android.gms.games.APP_ID"
19-->unityLibrary\GooglePlayGamesManifest.androidlib\AndroidManifest.xml:16:20-70
20            android:value="\u003295455030235" />
20-->unityLibrary\GooglePlayGamesManifest.androidlib\AndroidManifest.xml:17:13-46
21
22        <!-- Keep track of which plugin is being used -->
23        <meta-data
23-->unityLibrary\GooglePlayGamesManifest.androidlib\AndroidManifest.xml:20:9-21:44
24            android:name="com.google.android.gms.games.unityVersion"
24-->unityLibrary\GooglePlayGamesManifest.androidlib\AndroidManifest.xml:20:20-76
25            android:value="\u0030.10.14" />
25-->unityLibrary\GooglePlayGamesManifest.androidlib\AndroidManifest.xml:21:13-41
26
27        <activity
27-->unityLibrary\GooglePlayGamesManifest.androidlib\AndroidManifest.xml:23:9-24:86
28            android:name="com.google.games.bridge.NativeBridgeActivity"
28-->unityLibrary\GooglePlayGamesManifest.androidlib\AndroidManifest.xml:23:19-78
29            android:theme="@android:style/Theme.Translucent.NoTitleBar.Fullscreen" />
29-->unityLibrary\GooglePlayGamesManifest.androidlib\AndroidManifest.xml:24:13-83
30    </application>
31
32</manifest>